{"/Users/isadorafinger/Desktop/desafio-Isadora-Finger/src/caixa-da-lanchonete.js": {"path":"/Users/isadorafinger/Desktop/desafio-Isadora-Finger/src/caixa-da-lanchonete.js","all":false,"statementMap":{"0":{"start":{"line":1,"column":0},"end":{"line":1,"column":25}},"1":{"start":{"line":2,"column":0},"end":{"line":2,"column":27}},"2":{"start":{"line":3,"column":0},"end":{"line":3,"column":33}},"3":{"start":{"line":4,"column":0},"end":{"line":4,"column":31}},"4":{"start":{"line":5,"column":0},"end":{"line":5,"column":35}},"5":{"start":{"line":6,"column":0},"end":{"line":6,"column":31}},"6":{"start":{"line":7,"column":0},"end":{"line":7,"column":36}},"7":{"start":{"line":8,"column":0},"end":{"line":8,"column":33}},"8":{"start":{"line":9,"column":0},"end":{"line":9,"column":34}},"9":{"start":{"line":10,"column":0},"end":{"line":10,"column":33}},"10":{"start":{"line":11,"column":0},"end":{"line":11,"column":32}},"11":{"start":{"line":12,"column":0},"end":{"line":12,"column":18}},"12":{"start":{"line":13,"column":0},"end":{"line":13,"column":16}},"13":{"start":{"line":14,"column":0},"end":{"line":14,"column":31}},"14":{"start":{"line":15,"column":0},"end":{"line":15,"column":37}},"15":{"start":{"line":16,"column":0},"end":{"line":16,"column":39}},"16":{"start":{"line":17,"column":0},"end":{"line":17,"column":18}},"17":{"start":{"line":18,"column":0},"end":{"line":18,"column":13}},"18":{"start":{"line":19,"column":0},"end":{"line":19,"column":8}},"19":{"start":{"line":20,"column":0},"end":{"line":20,"column":61}},"20":{"start":{"line":21,"column":0},"end":{"line":21,"column":30}},"21":{"start":{"line":22,"column":0},"end":{"line":22,"column":16}},"22":{"start":{"line":23,"column":0},"end":{"line":23,"column":56}},"23":{"start":{"line":24,"column":0},"end":{"line":24,"column":40}},"24":{"start":{"line":25,"column":0},"end":{"line":25,"column":66}},"25":{"start":{"line":26,"column":0},"end":{"line":26,"column":18}},"26":{"start":{"line":27,"column":0},"end":{"line":27,"column":0}},"27":{"start":{"line":28,"column":0},"end":{"line":28,"column":45}},"28":{"start":{"line":29,"column":0},"end":{"line":29,"column":69}},"29":{"start":{"line":30,"column":0},"end":{"line":30,"column":8}},"30":{"start":{"line":31,"column":0},"end":{"line":31,"column":56}},"31":{"start":{"line":32,"column":0},"end":{"line":32,"column":48}},"32":{"start":{"line":33,"column":0},"end":{"line":33,"column":48}},"33":{"start":{"line":34,"column":0},"end":{"line":34,"column":22}},"34":{"start":{"line":35,"column":0},"end":{"line":35,"column":20}},"35":{"start":{"line":36,"column":0},"end":{"line":36,"column":48}},"36":{"start":{"line":37,"column":0},"end":{"line":37,"column":49}},"37":{"start":{"line":38,"column":0},"end":{"line":38,"column":54}},"38":{"start":{"line":39,"column":0},"end":{"line":39,"column":22}},"39":{"start":{"line":40,"column":0},"end":{"line":40,"column":0}},"40":{"start":{"line":41,"column":0},"end":{"line":41,"column":47}},"41":{"start":{"line":42,"column":0},"end":{"line":42,"column":101}},"42":{"start":{"line":43,"column":0},"end":{"line":43,"column":80}},"43":{"start":{"line":44,"column":0},"end":{"line":44,"column":21}},"44":{"start":{"line":45,"column":0},"end":{"line":45,"column":8}},"45":{"start":{"line":46,"column":0},"end":{"line":46,"column":72}},"46":{"start":{"line":47,"column":0},"end":{"line":47,"column":20}},"47":{"start":{"line":48,"column":0},"end":{"line":48,"column":17}},"48":{"start":{"line":49,"column":0},"end":{"line":49,"column":8}},"49":{"start":{"line":50,"column":0},"end":{"line":50,"column":50}},"50":{"start":{"line":51,"column":0},"end":{"line":51,"column":55}},"51":{"start":{"line":52,"column":0},"end":{"line":52,"column":52}},"52":{"start":{"line":53,"column":0},"end":{"line":53,"column":61}},"53":{"start":{"line":54,"column":0},"end":{"line":54,"column":53}},"54":{"start":{"line":55,"column":0},"end":{"line":55,"column":59}},"55":{"start":{"line":56,"column":0},"end":{"line":56,"column":57}},"56":{"start":{"line":57,"column":0},"end":{"line":57,"column":17}},"57":{"start":{"line":58,"column":0},"end":{"line":58,"column":8}},"58":{"start":{"line":59,"column":0},"end":{"line":59,"column":66}},"59":{"start":{"line":60,"column":0},"end":{"line":60,"column":13}},"60":{"start":{"line":61,"column":0},"end":{"line":61,"column":9}},"61":{"start":{"line":62,"column":0},"end":{"line":62,"column":0}},"62":{"start":{"line":63,"column":0},"end":{"line":63,"column":0}},"63":{"start":{"line":64,"column":0},"end":{"line":64,"column":29}}},"s":{"0":1,"1":1,"2":19,"3":19,"4":19,"5":19,"6":19,"7":19,"8":19,"9":19,"10":19,"11":19,"12":19,"13":19,"14":19,"15":19,"16":19,"17":19,"18":1,"19":1,"20":19,"21":19,"22":19,"23":19,"24":3,"25":3,"26":16,"27":19,"28":27,"29":27,"30":27,"31":27,"32":2,"33":2,"34":25,"35":25,"36":27,"37":1,"38":1,"39":24,"40":24,"41":27,"42":4,"43":4,"44":20,"45":20,"46":20,"47":20,"48":9,"49":9,"50":19,"51":2,"52":19,"53":3,"54":7,"55":1,"56":1,"57":8,"58":8,"59":8,"60":1,"61":1,"62":1,"63":1},"branchMap":{"0":{"type":"branch","line":2,"loc":{"start":{"line":2,"column":12},"end":{"line":18,"column":13}},"locations":[{"start":{"line":2,"column":12},"end":{"line":18,"column":13}}]},"1":{"type":"branch","line":20,"loc":{"start":{"line":20,"column":12},"end":{"line":60,"column":13}},"locations":[{"start":{"line":20,"column":12},"end":{"line":60,"column":13}}]},"2":{"type":"branch","line":24,"loc":{"start":{"line":24,"column":39},"end":{"line":26,"column":18}},"locations":[{"start":{"line":24,"column":39},"end":{"line":26,"column":18}}]},"3":{"type":"branch","line":26,"loc":{"start":{"line":26,"column":16},"end":{"line":28,"column":44}},"locations":[{"start":{"line":26,"column":16},"end":{"line":28,"column":44}}]},"4":{"type":"branch","line":28,"loc":{"start":{"line":28,"column":44},"end":{"line":48,"column":17}},"locations":[{"start":{"line":28,"column":44},"end":{"line":48,"column":17}}]},"5":{"type":"branch","line":32,"loc":{"start":{"line":32,"column":47},"end":{"line":34,"column":22}},"locations":[{"start":{"line":32,"column":47},"end":{"line":34,"column":22}}]},"6":{"type":"branch","line":34,"loc":{"start":{"line":34,"column":20},"end":{"line":37,"column":48}},"locations":[{"start":{"line":34,"column":20},"end":{"line":37,"column":48}}]},"7":{"type":"branch","line":37,"loc":{"start":{"line":37,"column":48},"end":{"line":39,"column":22}},"locations":[{"start":{"line":37,"column":48},"end":{"line":39,"column":22}}]},"8":{"type":"branch","line":39,"loc":{"start":{"line":39,"column":20},"end":{"line":42,"column":47}},"locations":[{"start":{"line":39,"column":20},"end":{"line":42,"column":47}}]},"9":{"type":"branch","line":42,"loc":{"start":{"line":42,"column":43},"end":{"line":42,"column":98}},"locations":[{"start":{"line":42,"column":43},"end":{"line":42,"column":98}}]},"10":{"type":"branch","line":42,"loc":{"start":{"line":42,"column":100},"end":{"line":44,"column":21}},"locations":[{"start":{"line":42,"column":100},"end":{"line":44,"column":21}}]},"11":{"type":"branch","line":44,"loc":{"start":{"line":44,"column":20},"end":{"line":48,"column":17}},"locations":[{"start":{"line":44,"column":20},"end":{"line":48,"column":17}}]},"12":{"type":"branch","line":48,"loc":{"start":{"line":48,"column":16},"end":{"line":51,"column":54}},"locations":[{"start":{"line":48,"column":16},"end":{"line":51,"column":54}}]},"13":{"type":"branch","line":51,"loc":{"start":{"line":51,"column":54},"end":{"line":53,"column":17}},"locations":[{"start":{"line":51,"column":54},"end":{"line":53,"column":17}}]},"14":{"type":"branch","line":53,"loc":{"start":{"line":53,"column":17},"end":{"line":57,"column":17}},"locations":[{"start":{"line":53,"column":17},"end":{"line":57,"column":17}}]},"15":{"type":"branch","line":53,"loc":{"start":{"line":53,"column":60},"end":{"line":55,"column":17}},"locations":[{"start":{"line":53,"column":60},"end":{"line":55,"column":17}}]},"16":{"type":"branch","line":55,"loc":{"start":{"line":55,"column":17},"end":{"line":57,"column":17}},"locations":[{"start":{"line":55,"column":17},"end":{"line":57,"column":17}}]},"17":{"type":"branch","line":55,"loc":{"start":{"line":55,"column":58},"end":{"line":57,"column":17}},"locations":[{"start":{"line":55,"column":58},"end":{"line":57,"column":17}}]},"18":{"type":"branch","line":57,"loc":{"start":{"line":57,"column":16},"end":{"line":60,"column":13}},"locations":[{"start":{"line":57,"column":16},"end":{"line":60,"column":13}}]},"19":{"type":"branch","line":42,"loc":{"start":{"line":42,"column":59},"end":{"line":42,"column":97}},"locations":[{"start":{"line":42,"column":59},"end":{"line":42,"column":97}}]}},"b":{"0":[19],"1":[19],"2":[3],"3":[16],"4":[27],"5":[2],"6":[25],"7":[1],"8":[24],"9":[9],"10":[4],"11":[20],"12":[9],"13":[2],"14":[7],"15":[3],"16":[4],"17":[1],"18":[8],"19":[16]},"fnMap":{"0":{"name":"CaixaDaLanchonete","decl":{"start":{"line":2,"column":12},"end":{"line":18,"column":13}},"loc":{"start":{"line":2,"column":12},"end":{"line":18,"column":13}},"line":2},"1":{"name":"calcularValorDaCompra","decl":{"start":{"line":20,"column":12},"end":{"line":60,"column":13}},"loc":{"start":{"line":20,"column":12},"end":{"line":60,"column":13}},"line":20}},"f":{"0":19,"1":19}}
}
