TN:
SF:src/caixa-da-lanchonete.js
FN:2,CaixaDaLanchonete
FN:20,calcularValorDaCompra
FNF:2
FNH:2
FNDA:19,CaixaDaLanchonete
FNDA:19,calcularValorDaCompra
DA:1,1
DA:2,1
DA:3,19
DA:4,19
DA:5,19
DA:6,19
DA:7,19
DA:8,19
DA:9,19
DA:10,19
DA:11,19
DA:12,19
DA:13,19
DA:14,19
DA:15,19
DA:16,19
DA:17,19
DA:18,19
DA:19,1
DA:20,1
DA:21,19
DA:22,19
DA:23,19
DA:24,19
DA:25,3
DA:26,3
DA:27,16
DA:28,19
DA:29,27
DA:30,27
DA:31,27
DA:32,27
DA:33,2
DA:34,2
DA:35,25
DA:36,25
DA:37,27
DA:38,1
DA:39,1
DA:40,24
DA:41,24
DA:42,27
DA:43,4
DA:44,4
DA:45,20
DA:46,20
DA:47,20
DA:48,20
DA:49,9
DA:50,9
DA:51,19
DA:52,2
DA:53,19
DA:54,3
DA:55,7
DA:56,1
DA:57,1
DA:58,8
DA:59,8
DA:60,8
DA:61,1
DA:62,1
DA:63,1
DA:64,1
LF:64
LH:64
BRDA:2,0,0,19
BRDA:20,1,0,19
BRDA:24,2,0,3
BRDA:26,3,0,16
BRDA:28,4,0,27
BRDA:32,5,0,2
BRDA:34,6,0,25
BRDA:37,7,0,1
BRDA:39,8,0,24
BRDA:42,9,0,9
BRDA:42,10,0,4
BRDA:44,11,0,20
BRDA:48,12,0,9
BRDA:51,13,0,2
BRDA:53,14,0,7
BRDA:53,15,0,3
BRDA:55,16,0,4
BRDA:55,17,0,1
BRDA:57,18,0,8
BRDA:42,19,0,16
BRF:20
BRH:20
end_of_record
